Log file open, 11/20/20 11:58:42
LogInit: Display: Running engine for game: LateNiteUnreal
LogPlatformFile: Not using cached read wrapper
LogTaskGraph: Started task graph with 5 named threads and 35 total threads with 3 sets of task threads.
LogStats: Stats thread started at 0.180852
LogD3D11RHI: Loaded GFSDK_Aftermath_Lib.x64.dll
LogICUInternationalization: ICU TimeZone Detection - Raw Offset: -5:00, Platform Override: ''
LogPluginManager: Mounting plugin Paper2D
LogPluginManager: Mounting plugin AISupport
LogPluginManager: Mounting plugin LightPropagationVolume
LogPluginManager: Mounting plugin CameraShakePreviewer
LogPluginManager: Mounting plugin ActorLayerUtilities
LogPluginManager: Mounting plugin AnimationSharing
LogPluginManager: Mounting plugin CLionSourceCodeAccess
LogPluginManager: Mounting plugin CodeLiteSourceCodeAccess
LogPluginManager: Mounting plugin GitSourceControl
LogPluginManager: Mounting plugin KDevelopSourceCodeAccess
LogPluginManager: Mounting plugin NullSourceCodeAccess
LogPluginManager: Mounting plugin PerforceSourceControl
LogPluginManager: Mounting plugin PlasticSourceControl
LogPluginManager: Mounting plugin RiderSourceCodeAccess
LogPluginManager: Mounting plugin SubversionSourceControl
LogPluginManager: Mounting plugin UObjectPlugin
LogPluginManager: Mounting plugin VisualStudioCodeSourceCodeAccess
LogPluginManager: Mounting plugin VisualStudioSourceCodeAccess
LogPluginManager: Mounting plugin XCodeSourceCodeAccess
LogPluginManager: Mounting plugin AssetManagerEditor
LogPluginManager: Mounting plugin CryptoKeys
LogPluginManager: Mounting plugin CurveEditorTools
LogPluginManager: Mounting plugin DataValidation
LogPluginManager: Mounting plugin EditorScriptingUtilities
LogPluginManager: Mounting plugin FacialAnimation
LogPluginManager: Mounting plugin GameplayTagsEditor
LogPluginManager: Mounting plugin GeometryMode
LogPluginManager: Mounting plugin MacGraphicsSwitching
LogPluginManager: Mounting plugin MaterialAnalyzer
LogPluginManager: Mounting plugin MobileLauncherProfileWizard
LogPluginManager: Mounting plugin PluginBrowser
LogPluginManager: Mounting plugin SpeedTreeImporter
LogPluginManager: Mounting plugin DatasmithContent
LogPluginManager: Mounting plugin VariantManagerContent
LogPluginManager: Mounting plugin AlembicImporter
LogPluginManager: Mounting plugin AutomationUtils
LogPluginManager: Mounting plugin BackChannel
LogPluginManager: Mounting plugin ChaosCloth
LogPluginManager: Mounting plugin ChaosClothEditor
LogPluginManager: Mounting plugin ChaosEditor
LogPluginManager: Mounting plugin ChaosNiagara
LogPluginManager: Mounting plugin ChaosSolverPlugin
LogPluginManager: Mounting plugin CharacterAI
LogPluginManager: Mounting plugin GeometryCache
LogPluginManager: Mounting plugin GeometryCollectionPlugin
LogPluginManager: Mounting plugin GeometryProcessing
LogPluginManager: Mounting plugin PlanarCut
LogPluginManager: Mounting plugin PlatformCrypto
LogPluginManager: Mounting plugin ProxyLODPlugin
LogPluginManager: Mounting plugin SkeletalReduction
LogPluginManager: Mounting plugin Niagara
LogPluginManager: Mounting plugin MagicLeap
LogPluginManager: Mounting plugin MagicLeapLightEstimation
LogPluginManager: Mounting plugin MagicLeapMedia
LogPluginManager: Mounting plugin MagicLeapPassableWorld
LogPluginManager: Mounting plugin MLSDK
LogPluginManager: Mounting plugin HorizonUIPlugin
LogPluginManager: Mounting plugin RadarChart
LogPluginManager: Mounting plugin AndroidMedia
LogPluginManager: Mounting plugin AvfMedia
LogPluginManager: Mounting plugin ImgMedia
LogPluginManager: Mounting plugin MediaCompositing
LogPluginManager: Mounting plugin MediaPlayerEditor
LogPluginManager: Mounting plugin WebMMedia
LogPluginManager: Mounting plugin WmfMedia
LogPluginManager: Mounting plugin MeshPainting
LogPluginManager: Mounting plugin TcpMessaging
LogPluginManager: Mounting plugin UdpMessaging
LogPluginManager: Mounting plugin ActorSequence
LogPluginManager: Mounting plugin LevelSequenceEditor
LogPluginManager: Mounting plugin MatineeToLevelSequence
LogPluginManager: Mounting plugin MovieRenderPipeline
LogPluginManager: Mounting plugin TemplateSequence
LogPluginManager: Mounting plugin NetcodeUnitTest
LogPluginManager: Mounting plugin NUTUnrealEngine4
LogPluginManager: Mounting plugin OnlineSubsystemGooglePlay
LogPluginManager: Mounting plugin OnlineSubsystemIOS
LogPluginManager: Mounting plugin OnlineSubsystem
LogPluginManager: Mounting plugin OnlineSubsystemNull
LogPluginManager: Mounting plugin OnlineSubsystemUtils
LogPluginManager: Mounting plugin LauncherChunkInstaller
LogPluginManager: Mounting plugin AndroidDeviceProfileSelector
LogPluginManager: Mounting plugin AndroidMoviePlayer
LogPluginManager: Mounting plugin AndroidPermission
LogPluginManager: Mounting plugin AppleImageUtils
LogPluginManager: Mounting plugin AppleMoviePlayer
LogPluginManager: Mounting plugin ArchVisCharacter
LogPluginManager: Mounting plugin AssetTags
LogPluginManager: Mounting plugin AudioCapture
LogPluginManager: Mounting plugin CableComponent
LogPluginManager: Mounting plugin CustomMeshComponent
LogPluginManager: Mounting plugin EditableMesh
LogPluginManager: Mounting plugin ExampleDeviceProfileSelector
LogPluginManager: Mounting plugin GoogleCloudMessaging
LogPluginManager: Mounting plugin GooglePAD
LogPluginManager: Mounting plugin IOSDeviceProfileSelector
LogPluginManager: Mounting plugin LinuxDeviceProfileSelector
LogPluginManager: Mounting plugin LocationServicesBPLibrary
LogPluginManager: Mounting plugin MobilePatchingUtils
LogPluginManager: Mounting plugin OculusVR
LogPluginManager: Mounting plugin PhysXVehicles
LogPluginManager: Mounting plugin PostSplashScreen
LogPluginManager: Mounting plugin ProceduralMeshComponent
LogPluginManager: Mounting plugin RuntimePhysXCooking
LogPluginManager: Mounting plugin SignificanceManager
LogPluginManager: Mounting plugin SoundFields
LogPluginManager: Mounting plugin SteamVR
LogPluginManager: Mounting plugin Synthesis
LogPluginManager: Mounting plugin WebMMoviePlayer
LogPluginManager: Mounting plugin WindowsMoviePlayer
LogPluginManager: Mounting plugin ScreenshotTools
LogInit: Using libcurl 7.55.1-DEV
LogInit:  - built for x86_64-pc-win32
LogInit:  - supports SSL with OpenSSL/1.1.1
LogInit:  - supports HTTP deflate (compression) using libz 1.2.8
LogInit:  - other features:
LogInit:      CURL_VERSION_SSL
LogInit:      CURL_VERSION_LIBZ
LogInit:      CURL_VERSION_IPV6
LogInit:      CURL_VERSION_ASYNCHDNS
LogInit:      CURL_VERSION_LARGEFILE
LogInit:      CURL_VERSION_IDN
LogInit:  CurlRequestOptions (configurable via config and command line):
LogInit:  - bVerifyPeer = true  - Libcurl will verify peer certificate
LogInit:  - bUseHttpProxy = false  - Libcurl will NOT use HTTP proxy
LogInit:  - bDontReuseConnections = false  - Libcurl will reuse connections
LogInit:  - MaxHostConnections = 16  - Libcurl will limit the number of connections to a host
LogInit:  - LocalHostAddr = Default
LogInit:  - BufferSize = 65536
LogOnline: OSS: Creating online subsystem instance for: NULL
LogInit: WinSock: version 1.1 (2.2), MaxSocks=32767, MaxUdp=65467
LogOnline: OSS: TryLoadSubsystemAndSetDefault: Loaded subsystem for module [NULL]
LogInit: Build: ++UE4+Release-4.25-CL-13942748
LogInit: Engine Version: 4.25.3-13942748+++UE4+Release-4.25
LogInit: Compatible Engine Version: 4.25.0-13144385+++UE4+Release-4.25
LogInit: Net CL: 13144385
LogInit: OS: Windows 10 (Release 1909) (), CPU: Intel(R) Core(TM) i7-8700 CPU @ 3.20GHz, GPU: NVIDIA GeForce GTX 1070
LogInit: Compiled (64-bit): Jul 25 2020 02:07:48
LogInit: Compiled with Visual C++: 19.24.28315.00
LogInit: Build Configuration: Development
LogInit: Branch Name: ++UE4+Release-4.25
LogInit: Command Line: 
LogInit: Base Directory: D:/UE_4.25/Engine/Binaries/Win64/
LogInit: Allocator: TBB
LogInit: Installed Engine Build: 1
LogDevObjectVersion: Number of dev versions registered: 26
LogDevObjectVersion:   Dev-Blueprints (B0D832E4-1F89-4F0D-ACCF-7EB736FD4AA2): 10
LogDevObjectVersion:   Dev-Build (E1C64328-A22C-4D53-A36C-8E866417BD8C): 0
LogDevObjectVersion:   Dev-Core (375EC13C-06E4-48FB-B500-84F0262A717E): 4
LogDevObjectVersion:   Dev-Editor (E4B068ED-F494-42E9-A231-DA0B2E46BB41): 38
LogDevObjectVersion:   Dev-Framework (CFFC743F-43B0-4480-9391-14DF171D2073): 37
LogDevObjectVersion:   Dev-Mobile (B02B49B5-BB20-44E9-A304-32B752E40360): 2
LogDevObjectVersion:   Dev-Networking (A4E4105C-59A1-49B5-A7C5-40C4547EDFEE): 0
LogDevObjectVersion:   Dev-Online (39C831C9-5AE6-47DC-9A44-9C173E1C8E7C): 0
LogDevObjectVersion:   Dev-Physics (78F01B33-EBEA-4F98-B9B4-84EACCB95AA2): 4
LogDevObjectVersion:   Dev-Platform (6631380F-2D4D-43E0-8009-CF276956A95A): 0
LogDevObjectVersion:   Dev-Rendering (12F88B9F-8875-4AFC-A67C-D90C383ABD29): 43
LogDevObjectVersion:   Dev-Sequencer (7B5AE74C-D270-4C10-A958-57980B212A5A): 12
LogDevObjectVersion:   Dev-VR (D7296918-1DD6-4BDD-9DE2-64A83CC13884): 3
LogDevObjectVersion:   Dev-LoadTimes (C2A15278-BFE7-4AFE-6C17-90FF531DF755): 1
LogDevObjectVersion:   Private-Geometry (6EACA3D4-40EC-4CC1-B786-8BED09428FC5): 3
LogDevObjectVersion:   Dev-AnimPhys (29E575DD-E0A3-4627-9D10-D276232CDCEA): 17
LogDevObjectVersion:   Dev-Anim (AF43A65D-7FD3-4947-9873-3E8ED9C1BB05): 7
LogDevObjectVersion:   Dev-ReflectionCapture (6B266CEC-1EC7-4B8F-A30B-E4D90942FC07): 1
LogDevObjectVersion:   Dev-Automation (0DF73D61-A23F-47EA-B727-89E90C41499A): 1
LogDevObjectVersion:   FortniteMain (601D1886-AC64-4F84-AA16-D3DE0DEAC7D6): 31
LogDevObjectVersion:   Dev-Enterprise (9DFFBCD6-494F-0158-E221-12823C92A888): 10
LogDevObjectVersion:   Dev-Niagara (F2AED0AC-9AFE-416F-8664-AA7FFA26D6FC): 1
LogDevObjectVersion:   Dev-Destruction (174F1F0B-B4C6-45A5-B13F-2EE8D0FB917D): 10
LogDevObjectVersion:   Dev-Physics-Ext (35F94A83-E258-406C-A318-09F59610247C): 37
LogDevObjectVersion:   Dev-PhysicsMaterial-Chaos (B68FC16E-8B1B-42E2-B453-215C058844FE): 1
LogDevObjectVersion:   Dev-CineCamera (B2E18506-4273-CFC2-A54E-F4BB758BBA07): 1
LogInit: Presizing for max 25165824 objects, including 0 objects not considered by GC, pre-allocating 0 bytes for permanent pool.
LogConfig: Applying CVar settings from Section [/Script/Engine.StreamingSettings] File [D:/JRDProject/Project_Implementation/LateNiteUnreal/Saved/Config/Windows/Engine.ini]
LogConfig: Setting CVar [[s.MinBulkDataSizeForAsyncLoading:131072]]
LogConfig: Setting CVar [[s.AsyncLoadingThreadEnabled:0]]
LogConfig: Setting CVar [[s.EventDrivenLoaderEnabled:1]]
LogConfig: Setting CVar [[s.WarnIfTimeLimitExceeded:0]]
LogConfig: Setting CVar [[s.TimeLimitExceededMultiplier:1.5]]
LogConfig: Setting CVar [[s.TimeLimitExceededMinTime:0.005]]
LogConfig: Setting CVar [[s.UseBackgroundLevelStreaming:1]]
LogConfig: Setting CVar [[s.PriorityAsyncLoadingExtraTime:15.0]]
LogConfig: Setting CVar [[s.LevelStreamingActorsUpdateTimeLimit:5.0]]
LogConfig: Setting CVar [[s.PriorityLevelStreamingActorsUpdateExtraTime:5.0]]
LogConfig: Setting CVar [[s.LevelStreamingComponentsRegistrationGranularity:10]]
LogConfig: Setting CVar [[s.UnregisterComponentsTimeLimit:1.0]]
LogConfig: Setting CVar [[s.LevelStreamingComponentsUnregistrationGranularity:5]]
LogConfig: Setting CVar [[s.FlushStreamingOnExit:1]]
LogInit: Object subsystem initialized
LogConfig: Setting CVar [[con.DebugEarlyDefault:1]]
LogConfig: Setting CVar [[r.setres:1280x720]]
[2020.11.20-16.58.42:732][  0]LogConfig: Setting CVar [[r.VSync:0]]
[2020.11.20-16.58.42:732][  0]LogConfig: Setting CVar [[r.RHICmdBypass:0]]
[2020.11.20-16.58.42:732][  0]LogConfig: Applying CVar settings from Section [/Script/Engine.RendererSettings] File [D:/JRDProject/Project_Implementation/LateNiteUnreal/Saved/Config/Windows/Engine.ini]
[2020.11.20-16.58.42:732][  0]LogConfig: Setting CVar [[r.GPUCrashDebugging:0]]
[2020.11.20-16.58.42:732][  0]LogConfig: Applying CVar settings from Section [/Script/Engine.RendererOverrideSettings] File [D:/JRDProject/Project_Implementation/LateNiteUnreal/Saved/Config/Windows/Engine.ini]
[2020.11.20-16.58.42:732][  0]LogConfig: Applying CVar settings from Section [/Script/Engine.StreamingSettings] File [D:/JRDProject/Project_Implementation/LateNiteUnreal/Saved/Config/Windows/Engine.ini]
[2020.11.20-16.58.42:732][  0]LogConfig: Setting CVar [[s.MinBulkDataSizeForAsyncLoading:131072]]
[2020.11.20-16.58.42:732][  0]LogConfig: Setting CVar [[s.AsyncLoadingThreadEnabled:0]]
[2020.11.20-16.58.42:732][  0]LogConfig: Setting CVar [[s.EventDrivenLoaderEnabled:1]]
[2020.11.20-16.58.42:732][  0]LogConfig: Setting CVar [[s.WarnIfTimeLimitExceeded:0]]
[2020.11.20-16.58.42:732][  0]LogConfig: Setting CVar [[s.TimeLimitExceededMultiplier:1.5]]
[2020.11.20-16.58.42:732][  0]LogConfig: Setting CVar [[s.TimeLimitExceededMinTime:0.005]]
[2020.11.20-16.58.42:732][  0]LogConfig: Setting CVar [[s.UseBackgroundLevelStreaming:1]]
[2020.11.20-16.58.42:732][  0]LogConfig: Setting CVar [[s.PriorityAsyncLoadingExtraTime:15.0]]
[2020.11.20-16.58.42:732][  0]LogConfig: Setting CVar [[s.LevelStreamingActorsUpdateTimeLimit:5.0]]
[2020.11.20-16.58.42:732][  0]LogConfig: Setting CVar [[s.PriorityLevelStreamingActorsUpdateExtraTime:5.0]]
[2020.11.20-16.58.42:732][  0]LogConfig: Setting CVar [[s.LevelStreamingComponentsRegistrationGranularity:10]]
[2020.11.20-16.58.42:732][  0]LogConfig: Setting CVar [[s.UnregisterComponentsTimeLimit:1.0]]
[2020.11.20-16.58.42:732][  0]LogConfig: Setting CVar [[s.LevelStreamingComponentsUnregistrationGranularity:5]]
[2020.11.20-16.58.42:732][  0]LogConfig: Setting CVar [[s.FlushStreamingOnExit:1]]
[2020.11.20-16.58.42:732][  0]LogConfig: Applying CVar settings from Section [/Script/Engine.GarbageCollectionSettings] File [D:/JRDProject/Project_Implementation/LateNiteUnreal/Saved/Config/Windows/Engine.ini]
[2020.11.20-16.58.42:732][  0]LogConfig: Setting CVar [[gc.MaxObjectsNotConsideredByGC:1]]
[2020.11.20-16.58.42:732][  0]LogConfig: Setting CVar [[gc.SizeOfPermanentObjectPool:0]]
[2020.11.20-16.58.42:732][  0]LogConfig: Setting CVar [[gc.FlushStreamingOnGC:0]]
[2020.11.20-16.58.42:732][  0]LogConfig: Setting CVar [[gc.NumRetriesBeforeForcingGC:10]]
[2020.11.20-16.58.42:732][  0]LogConfig: Setting CVar [[gc.AllowParallelGC:1]]
[2020.11.20-16.58.42:732][  0]LogConfig: Setting CVar [[gc.TimeBetweenPurgingPendingKillObjects:61.1]]
[2020.11.20-16.58.42:732][  0]LogConfig: Setting CVar [[gc.MaxObjectsInEditor:25165824]]
[2020.11.20-16.58.42:732][  0]LogConfig: Setting CVar [[gc.IncrementalBeginDestroyEnabled:1]]
[2020.11.20-16.58.42:732][  0]LogConfig: Setting CVar [[gc.CreateGCClusters:1]]
[2020.11.20-16.58.42:732][  0]LogConfig: Setting CVar [[gc.MinGCClusterSize:5]]
[2020.11.20-16.58.42:732][  0]LogConfig: Setting CVar [[gc.ActorClusteringEnabled:0]]
[2020.11.20-16.58.42:732][  0]LogConfig: Setting CVar [[gc.BlueprintClusteringEnabled:0]]
[2020.11.20-16.58.42:732][  0]LogConfig: Setting CVar [[gc.UseDisregardForGCOnDedicatedServers:0]]
[2020.11.20-16.58.42:732][  0]LogConfig: Applying CVar settings from Section [/Script/Engine.NetworkSettings] File [D:/JRDProject/Project_Implementation/LateNiteUnreal/Saved/Config/Windows/Engine.ini]
[2020.11.20-16.58.42:732][  0]LogConfig: Applying CVar settings from Section [/Script/UnrealEd.CookerSettings] File [D:/JRDProject/Project_Implementation/LateNiteUnreal/Saved/Config/Windows/Engine.ini]
[2020.11.20-16.58.42:736][  0]LogConfig: Applying CVar settings from Section [ViewDistanceQuality@3] File [D:/JRDProject/Project_Implementation/LateNiteUnreal/Saved/Config/Windows/Scalability.ini]
[2020.11.20-16.58.42:736][  0]LogConfig: Setting CVar [[r.SkeletalMeshLODBias:0]]
[2020.11.20-16.58.42:736][  0]LogConfig: Setting CVar [[r.ViewDistanceScale:1.0]]
[2020.11.20-16.58.42:736][  0]LogConfig: Applying CVar settings from Section [AntiAliasingQuality@3] File [D:/JRDProject/Project_Implementation/LateNiteUnreal/Saved/Config/Windows/Scalability.ini]
[2020.11.20-16.58.42:736][  0]LogConfig: Setting CVar [[r.PostProcessAAQuality:4]]
[2020.11.20-16.58.42:736][  0]LogConfig: Applying CVar settings from Section [ShadowQuality@3] File [D:/JRDProject/Project_Implementation/LateNiteUnreal/Saved/Config/Windows/Scalability.ini]
[2020.11.20-16.58.42:736][  0]LogConfig: Setting CVar [[r.LightFunctionQuality:1]]
[2020.11.20-16.58.42:736][  0]LogConfig: Setting CVar [[r.ShadowQuality:5]]
[2020.11.20-16.58.42:736][  0]LogConfig: Setting CVar [[r.Shadow.CSM.MaxCascades:10]]
[2020.11.20-16.58.42:736][  0]LogConfig: Setting CVar [[r.Shadow.MaxResolution:2048]]
[2020.11.20-16.58.42:736][  0]LogConfig: Setting CVar [[r.Shadow.MaxCSMResolution:2048]]
[2020.11.20-16.58.42:736][  0]LogConfig: Setting CVar [[r.Shadow.RadiusThreshold:0.01]]
[2020.11.20-16.58.42:737][  0]LogConfig: Setting CVar [[r.Shadow.DistanceScale:1.0]]
[2020.11.20-16.58.42:737][  0]LogConfig: Setting CVar [[r.Shadow.CSM.TransitionScale:1.0]]
[2020.11.20-16.58.42:737][  0]LogConfig: Setting CVar [[r.Shadow.PreShadowResolutionFactor:1.0]]
[2020.11.20-16.58.42:737][  0]LogConfig: Setting CVar [[r.DistanceFieldShadowing:1]]
[2020.11.20-16.58.42:737][  0]LogConfig: Setting CVar [[r.DistanceFieldAO:1]]
[2020.11.20-16.58.42:737][  0]LogConfig: Setting CVar [[r.AOQuality:2]]
[2020.11.20-16.58.42:737][  0]LogConfig: Setting CVar [[r.VolumetricFog:1]]
[2020.11.20-16.58.42:737][  0]LogConfig: Setting CVar [[r.VolumetricFog.GridPixelSize:8]]
[2020.11.20-16.58.42:737][  0]LogConfig: Setting CVar [[r.VolumetricFog.GridSizeZ:128]]
[2020.11.20-16.58.42:737][  0]LogConfig: Setting CVar [[r.VolumetricFog.HistoryMissSupersampleCount:4]]
[2020.11.20-16.58.42:737][  0]LogConfig: Setting CVar [[r.LightMaxDrawDistanceScale:1]]
[2020.11.20-16.58.42:737][  0]LogConfig: Setting CVar [[r.CapsuleShadows:1]]
[2020.11.20-16.58.42:737][  0]LogConfig: Applying CVar settings from Section [PostProcessQuality@3] File [D:/JRDProject/Project_Implementation/LateNiteUnreal/Saved/Config/Windows/Scalability.ini]
[2020.11.20-16.58.42:737][  0]LogConfig: Setting CVar [[r.MotionBlurQuality:4]]
[2020.11.20-16.58.42:737][  0]LogConfig: Setting CVar [[r.AmbientOcclusionMipLevelFactor:0.4]]
[2020.11.20-16.58.42:737][  0]LogConfig: Setting CVar [[r.AmbientOcclusionMaxQuality:100]]
[2020.11.20-16.58.42:737][  0]LogConfig: Setting CVar [[r.AmbientOcclusionLevels:-1]]
[2020.11.20-16.58.42:737][  0]LogConfig: Setting CVar [[r.AmbientOcclusionRadiusScale:1.0]]
[2020.11.20-16.58.42:737][  0]LogConfig: Setting CVar [[r.DepthOfFieldQuality:2]]
[2020.11.20-16.58.42:737][  0]LogConfig: Setting CVar [[r.RenderTargetPoolMin:400]]
[2020.11.20-16.58.42:737][  0]LogConfig: Setting CVar [[r.LensFlareQuality:2]]
[2020.11.20-16.58.42:737][  0]LogConfig: Setting CVar [[r.SceneColorFringeQuality:1]]
[2020.11.20-16.58.42:737][  0]LogConfig: Setting CVar [[r.EyeAdaptationQuality:2]]
[2020.11.20-16.58.42:737][  0]LogConfig: Setting CVar [[r.BloomQuality:5]]
[2020.11.20-16.58.42:737][  0]LogConfig: Setting CVar [[r.FastBlurThreshold:100]]
[2020.11.20-16.58.42:737][  0]LogConfig: Setting CVar [[r.Upscale.Quality:3]]
[2020.11.20-16.58.42:737][  0]LogConfig: Setting CVar [[r.Tonemapper.GrainQuantization:1]]
[2020.11.20-16.58.42:737][  0]LogConfig: Setting CVar [[r.LightShaftQuality:1]]
[2020.11.20-16.58.42:737][  0]LogConfig: Setting CVar [[r.Filter.SizeScale:1]]
[2020.11.20-16.58.42:737][  0]LogConfig: Setting CVar [[r.Tonemapper.Quality:5]]
[2020.11.20-16.58.42:737][  0]LogConfig: Setting CVar [[r.DOF.Gather.AccumulatorQuality:1        ; higher gathering accumulator quality]]
[2020.11.20-16.58.42:737][  0]LogConfig: Setting CVar [[r.DOF.Gather.PostfilterMethod:1          ; Median3x3 postfilering method]]
[2020.11.20-16.58.42:737][  0]LogConfig: Setting CVar [[r.DOF.Gather.EnableBokehSettings:0       ; no bokeh simulation when gathering]]
[2020.11.20-16.58.42:737][  0]LogConfig: Setting CVar [[r.DOF.Gather.RingCount:4                 ; medium number of samples when gathering]]
[2020.11.20-16.58.42:737][  0]LogConfig: Setting CVar [[r.DOF.Scatter.ForegroundCompositing:1    ; additive foreground scattering]]
[2020.11.20-16.58.42:737][  0]LogConfig: Setting CVar [[r.DOF.Scatter.BackgroundCompositing:2    ; additive background scattering]]
[2020.11.20-16.58.42:737][  0]LogConfig: Setting CVar [[r.DOF.Scatter.EnableBokehSettings:1      ; bokeh simulation when scattering]]
[2020.11.20-16.58.42:737][  0]LogConfig: Setting CVar [[r.DOF.Scatter.MaxSpriteRatio:0.1         ; only a maximum of 10% of scattered bokeh]]
[2020.11.20-16.58.42:737][  0]LogConfig: Setting CVar [[r.DOF.Recombine.Quality:1                ; cheap slight out of focus]]
[2020.11.20-16.58.42:737][  0]LogConfig: Setting CVar [[r.DOF.Recombine.EnableBokehSettings:0    ; no bokeh simulation on slight out of focus]]
[2020.11.20-16.58.42:737][  0]LogConfig: Setting CVar [[r.DOF.TemporalAAQuality:1                ; more stable temporal accumulation]]
[2020.11.20-16.58.42:737][  0]LogConfig: Setting CVar [[r.DOF.Kernel.MaxForegroundRadius:0.025]]
[2020.11.20-16.58.42:737][  0]LogConfig: Setting CVar [[r.DOF.Kernel.MaxBackgroundRadius:0.025]]
[2020.11.20-16.58.42:737][  0]LogConfig: Applying CVar settings from Section [TextureQuality@3] File [D:/JRDProject/Project_Implementation/LateNiteUnreal/Saved/Config/Windows/Scalability.ini]
[2020.11.20-16.58.42:737][  0]LogConfig: Setting CVar [[r.Streaming.MipBias:0]]
[2020.11.20-16.58.42:737][  0]LogConfig: Setting CVar [[r.Streaming.AmortizeCPUToGPUCopy:0]]
[2020.11.20-16.58.42:737][  0]LogConfig: Setting CVar [[r.Streaming.MaxNumTexturesToStreamPerFrame:0]]
[2020.11.20-16.58.42:737][  0]LogConfig: Setting CVar [[r.Streaming.Boost:1]]
[2020.11.20-16.58.42:737][  0]LogConfig: Setting CVar [[r.MaxAnisotropy:8]]
[2020.11.20-16.58.42:737][  0]LogConfig: Setting CVar [[r.VT.MaxAnisotropy:8]]
[2020.11.20-16.58.42:737][  0]LogConfig: Setting CVar [[r.Streaming.LimitPoolSizeToVRAM:0]]
[2020.11.20-16.58.42:737][  0]LogConfig: Setting CVar [[r.Streaming.PoolSize:1000]]
[2020.11.20-16.58.42:737][  0]LogConfig: Setting CVar [[r.Streaming.MaxEffectiveScreenSize:0]]
[2020.11.20-16.58.42:737][  0]LogConfig: Applying CVar settings from Section [EffectsQuality@3] File [D:/JRDProject/Project_Implementation/LateNiteUnreal/Saved/Config/Windows/Scalability.ini]
[2020.11.20-16.58.42:737][  0]LogConfig: Setting CVar [[r.TranslucencyLightingVolumeDim:64]]
[2020.11.20-16.58.42:737][  0]LogConfig: Setting CVar [[r.RefractionQuality:2]]
[2020.11.20-16.58.42:737][  0]LogConfig: Setting CVar [[r.SSR.Quality:3]]
[2020.11.20-16.58.42:737][  0]LogConfig: Setting CVar [[r.SSR.HalfResSceneColor:0]]
[2020.11.20-16.58.42:737][  0]LogConfig: Setting CVar [[r.SceneColorFormat:4]]
[2020.11.20-16.58.42:737][  0]LogConfig: Setting CVar [[r.DetailMode:2]]
[2020.11.20-16.58.42:737][  0]LogConfig: Setting CVar [[r.TranslucencyVolumeBlur:1]]
[2020.11.20-16.58.42:737][  0]LogConfig: Setting CVar [[r.MaterialQualityLevel:1 ; High quality]]
[2020.11.20-16.58.42:737][  0]LogConfig: Setting CVar [[r.SSS.Scale:1]]
[2020.11.20-16.58.42:737][  0]LogConfig: Setting CVar [[r.SSS.SampleSet:2]]
[2020.11.20-16.58.42:737][  0]LogConfig: Setting CVar [[r.SSS.Quality:1]]
[2020.11.20-16.58.42:737][  0]LogConfig: Setting CVar [[r.SSS.HalfRes:0]]
[2020.11.20-16.58.42:738][  0]LogConfig: Setting CVar [[r.SSGI.Quality:3]]
[2020.11.20-16.58.42:738][  0]LogConfig: Setting CVar [[r.EmitterSpawnRateScale:1.0]]
[2020.11.20-16.58.42:738][  0]LogConfig: Setting CVar [[r.ParticleLightQuality:2]]
[2020.11.20-16.58.42:738][  0]LogConfig: Setting CVar [[r.SkyAtmosphere.AerialPerspectiveLUT.FastApplyOnOpaque:1 ; Always have FastSkyLUT 1 in this case to avoid wrong sky]]
[2020.11.20-16.58.42:738][  0]LogConfig: Setting CVar [[r.SkyAtmosphere.AerialPerspectiveLUT.SampleCountPerSlice:1]]
[2020.11.20-16.58.42:738][  0]LogConfig: Setting CVar [[r.SkyAtmosphere.AerialPerspectiveLUT.DepthResolution:16.0]]
[2020.11.20-16.58.42:738][  0]LogConfig: Setting CVar [[r.SkyAtmosphere.FastSkyLUT:1]]
[2020.11.20-16.58.42:738][  0]LogConfig: Setting CVar [[r.SkyAtmosphere.FastSkyLUT.SampleCountMin:4.0]]
[2020.11.20-16.58.42:738][  0]LogConfig: Setting CVar [[r.SkyAtmosphere.FastSkyLUT.SampleCountMax:32.0]]
[2020.11.20-16.58.42:738][  0]LogConfig: Setting CVar [[r.SkyAtmosphere.SampleCountMin:4.0]]
[2020.11.20-16.58.42:738][  0]LogConfig: Setting CVar [[r.SkyAtmosphere.SampleCountMax:32.0]]
[2020.11.20-16.58.42:738][  0]LogConfig: Setting CVar [[r.SkyAtmosphere.TransmittanceLUT.UseSmallFormat:0]]
[2020.11.20-16.58.42:738][  0]LogConfig: Setting CVar [[r.SkyAtmosphere.TransmittanceLUT.SampleCount:10.0]]
[2020.11.20-16.58.42:738][  0]LogConfig: Setting CVar [[r.SkyAtmosphere.MultiScatteringLUT.SampleCount:15.0]]
[2020.11.20-16.58.42:738][  0]LogConfig: Applying CVar settings from Section [FoliageQuality@3] File [D:/JRDProject/Project_Implementation/LateNiteUnreal/Saved/Config/Windows/Scalability.ini]
[2020.11.20-16.58.42:738][  0]LogConfig: Setting CVar [[foliage.DensityScale:1.0]]
[2020.11.20-16.58.42:738][  0]LogConfig: Setting CVar [[grass.DensityScale:1.0]]
[2020.11.20-16.58.42:738][  0]LogConfig: Applying CVar settings from Section [ShadingQuality@3] File [D:/JRDProject/Project_Implementation/LateNiteUnreal/Saved/Config/Windows/Scalability.ini]
[2020.11.20-16.58.42:738][  0]LogConfig: Setting CVar [[r.HairStrands.SkyLighting.SampleCount:16]]
[2020.11.20-16.58.42:738][  0]LogConfig: Setting CVar [[r.HairStrands.SkyLighting.JitterIntegration:0]]
[2020.11.20-16.58.42:738][  0]LogConfig: Setting CVar [[r.HairStrands.SkyAO.SampleCount:16]]
[2020.11.20-16.58.42:738][  0]LogConfig: Setting CVar [[r.HairStrands.DeepShadow.SuperSampling:0]]
[2020.11.20-16.58.42:738][  0]LogConfig: Setting CVar [[r.HairStrands.VisibilityPPLL:0]]
[2020.11.20-16.58.42:738][  0]LogConfig: Setting CVar [[r.HairStrands.RasterizationScale:0.5]]
[2020.11.20-16.58.42:738][  0]LogConfig: Setting CVar [[r.HairStrands.VelocityRasterizationScale:1]]
[2020.11.20-16.58.42:738][  0]LogInit: Selected Device Profile: [Windows]
[2020.11.20-16.58.42:738][  0]LogInit: Applying CVar settings loaded from the selected device profile: [Windows]
[2020.11.20-16.58.42:738][  0]LogHAL: Display: Platform has ~ 16 GB [16977260544 / 17179869184 / 16], which maps to Larger [LargestMinGB=32, LargerMinGB=12, DefaultMinGB=8, SmallerMinGB=6, SmallestMinGB=0)
[2020.11.20-16.58.42:738][  0]LogInit: Going up to parent DeviceProfile []
[2020.11.20-16.58.42:738][  0]LogConfig: Applying CVar settings from Section [ViewDistanceQuality@3] File [D:/JRDProject/Project_Implementation/LateNiteUnreal/Saved/Config/Windows/Scalability.ini]
[2020.11.20-16.58.42:738][  0]LogConfig: Setting CVar [[r.SkeletalMeshLODBias:0]]
[2020.11.20-16.58.42:738][  0]LogConfig: Setting CVar [[r.ViewDistanceScale:1.0]]
[2020.11.20-16.58.42:738][  0]LogConfig: Applying CVar settings from Section [AntiAliasingQuality@3] File [D:/JRDProject/Project_Implementation/LateNiteUnreal/Saved/Config/Windows/Scalability.ini]
[2020.11.20-16.58.42:738][  0]LogConfig: Setting CVar [[r.PostProcessAAQuality:4]]
[2020.11.20-16.58.42:738][  0]LogConfig: Applying CVar settings from Section [ShadowQuality@3] File [D:/JRDProject/Project_Implementation/LateNiteUnreal/Saved/Config/Windows/Scalability.ini]
[2020.11.20-16.58.42:738][  0]LogConfig: Setting CVar [[r.LightFunctionQuality:1]]
[2020.11.20-16.58.42:738][  0]LogConfig: Setting CVar [[r.ShadowQuality:5]]
[2020.11.20-16.58.42:738][  0]LogConfig: Setting CVar [[r.Shadow.CSM.MaxCascades:10]]
[2020.11.20-16.58.42:738][  0]LogConfig: Setting CVar [[r.Shadow.MaxResolution:2048]]
[2020.11.20-16.58.42:738][  0]LogConfig: Setting CVar [[r.Shadow.MaxCSMResolution:2048]]
[2020.11.20-16.58.42:738][  0]LogConfig: Setting CVar [[r.Shadow.RadiusThreshold:0.01]]
[2020.11.20-16.58.42:738][  0]LogConfig: Setting CVar [[r.Shadow.DistanceScale:1.0]]
[2020.11.20-16.58.42:738][  0]LogConfig: Setting CVar [[r.Shadow.CSM.TransitionScale:1.0]]
[2020.11.20-16.58.42:738][  0]LogConfig: Setting CVar [[r.Shadow.PreShadowResolutionFactor:1.0]]
[2020.11.20-16.58.42:738][  0]LogConfig: Setting CVar [[r.DistanceFieldShadowing:1]]
[2020.11.20-16.58.42:738][  0]LogConfig: Setting CVar [[r.DistanceFieldAO:1]]
[2020.11.20-16.58.42:738][  0]LogConfig: Setting CVar [[r.AOQuality:2]]
[2020.11.20-16.58.42:738][  0]LogConfig: Setting CVar [[r.VolumetricFog:1]]
[2020.11.20-16.58.42:738][  0]LogConfig: Setting CVar [[r.VolumetricFog.GridPixelSize:8]]
[2020.11.20-16.58.42:738][  0]LogConfig: Setting CVar [[r.VolumetricFog.GridSizeZ:128]]
[2020.11.20-16.58.42:738][  0]LogConfig: Setting CVar [[r.VolumetricFog.HistoryMissSupersampleCount:4]]
[2020.11.20-16.58.42:738][  0]LogConfig: Setting CVar [[r.LightMaxDrawDistanceScale:1]]
[2020.11.20-16.58.42:738][  0]LogConfig: Setting CVar [[r.CapsuleShadows:1]]
[2020.11.20-16.58.42:738][  0]LogConfig: Applying CVar settings from Section [PostProcessQuality@3] File [D:/JRDProject/Project_Implementation/LateNiteUnreal/Saved/Config/Windows/Scalability.ini]
[2020.11.20-16.58.42:738][  0]LogConfig: Setting CVar [[r.MotionBlurQuality:4]]
[2020.11.20-16.58.42:738][  0]LogConfig: Setting CVar [[r.AmbientOcclusionMipLevelFactor:0.4]]
[2020.11.20-16.58.42:738][  0]LogConfig: Setting CVar [[r.AmbientOcclusionMaxQuality:100]]
[2020.11.20-16.58.42:738][  0]LogConfig: Setting CVar [[r.AmbientOcclusionLevels:-1]]
[2020.11.20-16.58.42:738][  0]LogConfig: Setting CVar [[r.AmbientOcclusionRadiusScale:1.0]]
[2020.11.20-16.58.42:738][  0]LogConfig: Setting CVar [[r.DepthOfFieldQuality:2]]
[2020.11.20-16.58.42:739][  0]LogConfig: Setting CVar [[r.RenderTargetPoolMin:400]]
[2020.11.20-16.58.42:739][  0]LogConfig: Setting CVar [[r.LensFlareQuality:2]]
[2020.11.20-16.58.42:739][  0]LogConfig: Setting CVar [[r.SceneColorFringeQuality:1]]
[2020.11.20-16.58.42:739][  0]LogConfig: Setting CVar [[r.EyeAdaptationQuality:2]]
[2020.11.20-16.58.42:739][  0]LogConfig: Setting CVar [[r.BloomQuality:5]]
[2020.11.20-16.58.42:739][  0]LogConfig: Setting CVar [[r.FastBlurThreshold:100]]
[2020.11.20-16.58.42:739][  0]LogConfig: Setting CVar [[r.Upscale.Quality:3]]
[2020.11.20-16.58.42:739][  0]LogConfig: Setting CVar [[r.Tonemapper.GrainQuantization:1]]
[2020.11.20-16.58.42:739][  0]LogConfig: Setting CVar [[r.LightShaftQuality:1]]
[2020.11.20-16.58.42:739][  0]LogConfig: Setting CVar [[r.Filter.SizeScale:1]]
[2020.11.20-16.58.42:739][  0]LogConfig: Setting CVar [[r.Tonemapper.Quality:5]]
[2020.11.20-16.58.42:739][  0]LogConfig: Setting CVar [[r.DOF.Gather.AccumulatorQuality:1        ; higher gathering accumulator quality]]
[2020.11.20-16.58.42:739][  0]LogConfig: Setting CVar [[r.DOF.Gather.PostfilterMethod:1          ; Median3x3 postfilering method]]
[2020.11.20-16.58.42:739][  0]LogConfig: Setting CVar [[r.DOF.Gather.EnableBokehSettings:0       ; no bokeh simulation when gathering]]
[2020.11.20-16.58.42:739][  0]LogConfig: Setting CVar [[r.DOF.Gather.RingCount:4                 ; medium number of samples when gathering]]
[2020.11.20-16.58.42:739][  0]LogConfig: Setting CVar [[r.DOF.Scatter.ForegroundCompositing:1    ; additive foreground scattering]]
[2020.11.20-16.58.42:739][  0]LogConfig: Setting CVar [[r.DOF.Scatter.BackgroundCompositing:2    ; additive background scattering]]
[2020.11.20-16.58.42:739][  0]LogConfig: Setting CVar [[r.DOF.Scatter.EnableBokehSettings:1      ; bokeh simulation when scattering]]
[2020.11.20-16.58.42:739][  0]LogConfig: Setting CVar [[r.DOF.Scatter.MaxSpriteRatio:0.1         ; only a maximum of 10% of scattered bokeh]]
[2020.11.20-16.58.42:739][  0]LogConfig: Setting CVar [[r.DOF.Recombine.Quality:1                ; cheap slight out of focus]]
[2020.11.20-16.58.42:739][  0]LogConfig: Setting CVar [[r.DOF.Recombine.EnableBokehSettings:0    ; no bokeh simulation on slight out of focus]]
[2020.11.20-16.58.42:739][  0]LogConfig: Setting CVar [[r.DOF.TemporalAAQuality:1                ; more stable temporal accumulation]]
[2020.11.20-16.58.42:739][  0]LogConfig: Setting CVar [[r.DOF.Kernel.MaxForegroundRadius:0.025]]
[2020.11.20-16.58.42:739][  0]LogConfig: Setting CVar [[r.DOF.Kernel.MaxBackgroundRadius:0.025]]
[2020.11.20-16.58.42:739][  0]LogConfig: Applying CVar settings from Section [TextureQuality@3] File [D:/JRDProject/Project_Implementation/LateNiteUnreal/Saved/Config/Windows/Scalability.ini]
[2020.11.20-16.58.42:739][  0]LogConfig: Setting CVar [[r.Streaming.MipBias:0]]
[2020.11.20-16.58.42:739][  0]LogConfig: Setting CVar [[r.Streaming.AmortizeCPUToGPUCopy:0]]
[2020.11.20-16.58.42:739][  0]LogConfig: Setting CVar [[r.Streaming.MaxNumTexturesToStreamPerFrame:0]]
[2020.11.20-16.58.42:739][  0]LogConfig: Setting CVar [[r.Streaming.Boost:1]]
[2020.11.20-16.58.42:739][  0]LogConfig: Setting CVar [[r.MaxAnisotropy:8]]
[2020.11.20-16.58.42:739][  0]LogConfig: Setting CVar [[r.VT.MaxAnisotropy:8]]
[2020.11.20-16.58.42:739][  0]LogConfig: Setting CVar [[r.Streaming.LimitPoolSizeToVRAM:0]]
[2020.11.20-16.58.42:739][  0]LogConfig: Setting CVar [[r.Streaming.PoolSize:1000]]
[2020.11.20-16.58.42:739][  0]LogConfig: Setting CVar [[r.Streaming.MaxEffectiveScreenSize:0]]
[2020.11.20-16.58.42:739][  0]LogConfig: Applying CVar settings from Section [EffectsQuality@3] File [D:/JRDProject/Project_Implementation/LateNiteUnreal/Saved/Config/Windows/Scalability.ini]
[2020.11.20-16.58.42:739][  0]LogConfig: Setting CVar [[r.TranslucencyLightingVolumeDim:64]]
[2020.11.20-16.58.42:739][  0]LogConfig: Setting CVar [[r.RefractionQuality:2]]
[2020.11.20-16.58.42:739][  0]LogConfig: Setting CVar [[r.SSR.Quality:3]]
[2020.11.20-16.58.42:739][  0]LogConfig: Setting CVar [[r.SSR.HalfResSceneColor:0]]
[2020.11.20-16.58.42:739][  0]LogConfig: Setting CVar [[r.SceneColorFormat:4]]
[2020.11.20-16.58.42:739][  0]LogConfig: Setting CVar [[r.DetailMode:2]]
[2020.11.20-16.58.42:739][  0]LogConfig: Setting CVar [[r.TranslucencyVolumeBlur:1]]
[2020.11.20-16.58.42:739][  0]LogConfig: Setting CVar [[r.MaterialQualityLevel:1 ; High quality]]
[2020.11.20-16.58.42:739][  0]LogConfig: Setting CVar [[r.SSS.Scale:1]]
[2020.11.20-16.58.42:739][  0]LogConfig: Setting CVar [[r.SSS.SampleSet:2]]
[2020.11.20-16.58.42:739][  0]LogConfig: Setting CVar [[r.SSS.Quality:1]]
[2020.11.20-16.58.42:739][  0]LogConfig: Setting CVar [[r.SSS.HalfRes:0]]
[2020.11.20-16.58.42:739][  0]LogConfig: Setting CVar [[r.SSGI.Quality:3]]
[2020.11.20-16.58.42:739][  0]LogConfig: Setting CVar [[r.EmitterSpawnRateScale:1.0]]
[2020.11.20-16.58.42:739][  0]LogConfig: Setting CVar [[r.ParticleLightQuality:2]]
[2020.11.20-16.58.42:739][  0]LogConfig: Setting CVar [[r.SkyAtmosphere.AerialPerspectiveLUT.FastApplyOnOpaque:1 ; Always have FastSkyLUT 1 in this case to avoid wrong sky]]
[2020.11.20-16.58.42:739][  0]LogConfig: Setting CVar [[r.SkyAtmosphere.AerialPerspectiveLUT.SampleCountPerSlice:1]]
[2020.11.20-16.58.42:739][  0]LogConfig: Setting CVar [[r.SkyAtmosphere.AerialPerspectiveLUT.DepthResolution:16.0]]
[2020.11.20-16.58.42:739][  0]LogConfig: Setting CVar [[r.SkyAtmosphere.FastSkyLUT:1]]
[2020.11.20-16.58.42:739][  0]LogConfig: Setting CVar [[r.SkyAtmosphere.FastSkyLUT.SampleCountMin:4.0]]
[2020.11.20-16.58.42:739][  0]LogConfig: Setting CVar [[r.SkyAtmosphere.FastSkyLUT.SampleCountMax:32.0]]
[2020.11.20-16.58.42:739][  0]LogConfig: Setting CVar [[r.SkyAtmosphere.SampleCountMin:4.0]]
[2020.11.20-16.58.42:739][  0]LogConfig: Setting CVar [[r.SkyAtmosphere.SampleCountMax:32.0]]
[2020.11.20-16.58.42:739][  0]LogConfig: Setting CVar [[r.SkyAtmosphere.TransmittanceLUT.UseSmallFormat:0]]
[2020.11.20-16.58.42:739][  0]LogConfig: Setting CVar [[r.SkyAtmosphere.TransmittanceLUT.SampleCount:10.0]]
[2020.11.20-16.58.42:739][  0]LogConfig: Setting CVar [[r.SkyAtmosphere.MultiScatteringLUT.SampleCount:15.0]]
[2020.11.20-16.58.42:739][  0]LogConfig: Applying CVar settings from Section [FoliageQuality@3] File [D:/JRDProject/Project_Implementation/LateNiteUnreal/Saved/Config/Windows/Scalability.ini]
[2020.11.20-16.58.42:739][  0]LogConfig: Setting CVar [[foliage.DensityScale:1.0]]
[2020.11.20-16.58.42:739][  0]LogConfig: Setting CVar [[grass.DensityScale:1.0]]
[2020.11.20-16.58.42:739][  0]LogConfig: Applying CVar settings from Section [ShadingQuality@3] File [D:/JRDProject/Project_Implementation/LateNiteUnreal/Saved/Config/Windows/Scalability.ini]
[2020.11.20-16.58.42:739][  0]LogConfig: Setting CVar [[r.HairStrands.SkyLighting.SampleCount:16]]
[2020.11.20-16.58.42:739][  0]LogConfig: Setting CVar [[r.HairStrands.SkyLighting.JitterIntegration:0]]
[2020.11.20-16.58.42:740][  0]LogConfig: Setting CVar [[r.HairStrands.SkyAO.SampleCount:16]]
[2020.11.20-16.58.42:740][  0]LogConfig: Setting CVar [[r.HairStrands.DeepShadow.SuperSampling:0]]
[2020.11.20-16.58.42:740][  0]LogConfig: Setting CVar [[r.HairStrands.VisibilityPPLL:0]]
[2020.11.20-16.58.42:740][  0]LogConfig: Setting CVar [[r.HairStrands.RasterizationScale:0.5]]
[2020.11.20-16.58.42:740][  0]LogConfig: Setting CVar [[r.HairStrands.VelocityRasterizationScale:1]]
[2020.11.20-16.58.42:740][  0]LogConfig: Applying CVar settings from Section [Startup] File [../../../Engine/Config/ConsoleVariables.ini]
[2020.11.20-16.58.42:740][  0]LogConfig: Setting CVar [[net.UseAdaptiveNetUpdateFrequency:0]]
[2020.11.20-16.58.42:740][  0]LogConfig: Setting CVar [[p.chaos.AllowCreatePhysxBodies:1]]
[2020.11.20-16.58.42:740][  0]LogConfig: Setting CVar [[fx.SkipVectorVMBackendOptimizations:1]]
[2020.11.20-16.58.42:740][  0]LogConfig: Applying CVar settings from Section [ConsoleVariables] File [D:/JRDProject/Project_Implementation/LateNiteUnreal/Saved/Config/Windows/Engine.ini]
[2020.11.20-16.58.42:740][  0]LogInit: Computer: KCPC
[2020.11.20-16.58.42:740][  0]LogInit: User: Kacey
[2020.11.20-16.58.42:740][  0]LogInit: CPU Page size=4096, Cores=6
[2020.11.20-16.58.42:740][  0]LogInit: High frequency timer resolution =10.000000 MHz
[2020.11.20-16.58.42:740][  0]LogMemory: Memory total: Physical=15.8GB (16GB approx)
[2020.11.20-16.58.42:740][  0]LogMemory: Platform Memory Stats for Windows
[2020.11.20-16.58.42:740][  0]LogMemory: Process Physical Memory: 114.86 MB used, 114.87 MB peak
[2020.11.20-16.58.42:740][  0]LogMemory: Process Virtual Memory: 97.19 MB used, 97.19 MB peak
[2020.11.20-16.58.42:740][  0]LogMemory: Physical Memory: 6957.84 MB used,  9232.94 MB free, 16190.78 MB total
[2020.11.20-16.58.42:740][  0]LogMemory: Virtual Memory: 5164.89 MB used,  134212560.00 MB free, 134217728.00 MB total
[2020.11.20-16.58.42:747][  0]LogWindows: WindowsPlatformFeatures enabled
[2020.11.20-16.58.42:786][  0]LogInit: Physics initialised using underlying interface: PhysX
[2020.11.20-16.58.42:787][  0]LogInit: Using OS detected language (en-US).
[2020.11.20-16.58.42:787][  0]LogInit: Using OS detected locale (en-US).
[2020.11.20-16.58.42:789][  0]LogTextLocalizationManager: No specific localization for 'en-US' exists, so the 'en' localization will be used.
[2020.11.20-16.58.42:975][  0]LogInit: Setting process to per monitor DPI aware
[2020.11.20-16.58.43:039][  0]LogSlate: New Slate User Created.  User Index 0, Is Virtual User: 0
[2020.11.20-16.58.43:039][  0]LogSlate: Slate User Registered.  User Index 0, Is Virtual User: 0
[2020.11.20-16.58.43:169][  0]LogHMD: Failed to initialize OpenVR with code 110
[2020.11.20-16.58.43:169][  0]LogD3D11RHI: D3D11 min allowed feature level: 11_0
[2020.11.20-16.58.43:169][  0]LogD3D11RHI: D3D11 max allowed feature level: 11_0
[2020.11.20-16.58.43:169][  0]LogD3D11RHI: D3D11 adapters:
[2020.11.20-16.58.43:221][  0]LogD3D11RHI:    0. 'NVIDIA GeForce GTX 1070' (Feature Level 11_0)
[2020.11.20-16.58.43:221][  0]LogD3D11RHI:       8088/0/8095 MB DedicatedVideo/DedicatedSystem/SharedSystem, Outputs:1, VendorId:0x10de
[2020.11.20-16.58.43:243][  0]LogD3D11RHI:    1. 'Intel(R) UHD Graphics 630' (Feature Level 11_0)
[2020.11.20-16.58.43:243][  0]LogD3D11RHI:       128/0/8095 MB DedicatedVideo/DedicatedSystem/SharedSystem, Outputs:1, VendorId:0x8086
[2020.11.20-16.58.43:246][  0]LogD3D11RHI:    2. 'Microsoft Basic Render Driver' (Feature Level 11_0)
[2020.11.20-16.58.43:246][  0]LogD3D11RHI:       0/0/8095 MB DedicatedVideo/DedicatedSystem/SharedSystem, Outputs:0, VendorId:0x1414
[2020.11.20-16.58.43:246][  0]LogD3D11RHI: Chosen D3D11 Adapter: 0
[2020.11.20-16.58.43:253][  0]LogD3D11RHI: Creating new Direct3DDevice
[2020.11.20-16.58.43:253][  0]LogD3D11RHI:     GPU DeviceId: 0x1b81 (for the marketing name, search the web for "GPU Device Id")
[2020.11.20-16.58.43:253][  0]LogWindows: EnumDisplayDevices:
[2020.11.20-16.58.43:253][  0]LogWindows:    0. 'NVIDIA GeForce GTX 1070' (P:1 D:1)
[2020.11.20-16.58.43:253][  0]LogWindows:    1. 'NVIDIA GeForce GTX 1070' (P:0 D:0)
[2020.11.20-16.58.43:253][  0]LogWindows:    2. 'NVIDIA GeForce GTX 1070' (P:0 D:0)
[2020.11.20-16.58.43:254][  0]LogWindows:    3. 'NVIDIA GeForce GTX 1070' (P:0 D:0)
[2020.11.20-16.58.43:254][  0]LogWindows:    4. 'Intel(R) UHD Graphics 630' (P:0 D:1)
[2020.11.20-16.58.43:254][  0]LogWindows:    5. 'Intel(R) UHD Graphics 630' (P:0 D:0)
[2020.11.20-16.58.43:255][  0]LogWindows:    6. 'Intel(R) UHD Graphics 630' (P:0 D:0)
[2020.11.20-16.58.43:255][  0]LogWindows: DebugString: PrimaryIsNotTheChoosenAdapter PrimaryIsNotTheChoosenAdapter PrimaryIsNotTheChoosenAdapter FoundDriverCount:4 
[2020.11.20-16.58.43:255][  0]LogD3D11RHI:     Adapter Name: NVIDIA GeForce GTX 1070
[2020.11.20-16.58.43:255][  0]LogD3D11RHI:   Driver Version: 391.25 (internal:23.21.13.9125, unified:391.25)
[2020.11.20-16.58.43:255][  0]LogD3D11RHI:      Driver Date: 3-16-2018
[2020.11.20-16.58.43:255][  0]LogRHI: Texture pool is 5661 MB (70% of 8088 MB)
[2020.11.20-16.58.43:290][  0]LogD3D11RHI: RHI has support for 64 bit atomics
[2020.11.20-16.58.43:291][  0]LogD3D11RHI: [Aftermath] Enabled and primed
[2020.11.20-16.58.43:291][  0]LogD3D11RHI: Async texture creation enabled
[2020.11.20-16.58.43:291][  0]LogD3D11RHI: Array index from any shader is supported
[2020.11.20-16.58.43:362][  0]LogD3D11RHI: GPU Timing Frequency: 1000.000000 (Debug: 2 2)
[2020.11.20-16.58.43:677][  0]LogTargetPlatformManager: Display: Loaded TargetPlatform 'AllDesktop'
[2020.11.20-16.58.43:699][  0]LogTargetPlatformManager: Display: Loaded TargetPlatform 'Android'
[2020.11.20-16.58.43:699][  0]LogTargetPlatformManager: Display: Loaded TargetPlatform 'Android_ASTC'
[2020.11.20-16.58.43:699][  0]LogTargetPlatformManager: Display: Loaded TargetPlatform 'Android_DXT'
[2020.11.20-16.58.43:699][  0]LogTargetPlatformManager: Display: Loaded TargetPlatform 'Android_ETC2'
[2020.11.20-16.58.43:699][  0]LogTargetPlatformManager: Display: Loaded TargetPlatform 'AndroidClient'
[2020.11.20-16.58.43:699][  0]LogTargetPlatformManager: Display: Loaded TargetPlatform 'Android_ASTCClient'
[2020.11.20-16.58.43:699][  0]LogTargetPlatformManager: Display: Loaded TargetPlatform 'Android_DXTClient'
[2020.11.20-16.58.43:699][  0]LogTargetPlatformManager: Display: Loaded TargetPlatform 'Android_ETC2Client'
[2020.11.20-16.58.43:699][  0]LogTargetPlatformManager: Display: Loaded TargetPlatform 'Android_Multi'
[2020.11.20-16.58.43:699][  0]LogTargetPlatformManager: Display: Loaded TargetPlatform 'Android_MultiClient'
[2020.11.20-16.58.43:723][  0]LogTargetPlatformManager: Display: Loaded TargetPlatform 'IOSClient'
[2020.11.20-16.58.43:723][  0]LogTargetPlatformManager: Display: Loaded TargetPlatform 'IOS'
[2020.11.20-16.58.43:733][  0]LogTargetPlatformManager: Display: Loaded TargetPlatform 'Linux'
[2020.11.20-16.58.43:742][  0]LogTargetPlatformManager: Display: Loaded TargetPlatform 'LinuxNoEditor'
[2020.11.20-16.58.43:752][  0]LogTargetPlatformManager: Display: Loaded TargetPlatform 'LinuxClient'
[2020.11.20-16.58.43:762][  0]LogTargetPlatformManager: Display: Loaded TargetPlatform 'LinuxServer'
[2020.11.20-16.58.43:772][  0]LogTargetPlatformManager: Display: Loaded TargetPlatform 'LinuxAArch64NoEditor'
[2020.11.20-16.58.43:781][  0]LogTargetPlatformManager: Display: Loaded TargetPlatform 'LinuxAArch64Client'
[2020.11.20-16.58.43:790][  0]LogTargetPlatformManager: Display: Loaded TargetPlatform 'LinuxAArch64Server'
[2020.11.20-16.58.43:816][  0]LogTargetPlatformManager: Display: Loaded TargetPlatform 'Lumin'
[2020.11.20-16.58.43:816][  0]LogTargetPlatformManager: Display: Loaded TargetPlatform 'LuminClient'
[2020.11.20-16.58.43:832][  0]LogTargetPlatformManager: Display: Loaded TargetPlatform 'TVOSClient'
[2020.11.20-16.58.43:832][  0]LogTargetPlatformManager: Display: Loaded TargetPlatform 'TVOS'
[2020.11.20-16.58.43:841][  0]LogTargetPlatformManager: Display: Loaded TargetPlatform 'WindowsNoEditor'
[2020.11.20-16.58.43:851][  0]LogTargetPlatformManager: Display: Loaded TargetPlatform 'Windows'
[2020.11.20-16.58.43:860][  0]LogTargetPlatformManager: Display: Loaded TargetPlatform 'WindowsClient'
[2020.11.20-16.58.43:869][  0]LogTargetPlatformManager: Display: Loaded TargetPlatform 'WindowsServer'
[2020.11.20-16.58.43:869][  0]LogTargetPlatformManager: Display: Building Assets For Windows
[2020.11.20-16.58.43:877][  0]LogAudioDebug: Display: Lib vorbis DLL was dynamically loaded.
[2020.11.20-16.58.43:933][  0]LogShaderCompilers: Guid format shader working directory is -15 characters bigger than the processId version (../../../../JRDProject/Project_Implementation/LateNiteUnreal/Intermediate/Shaders/WorkingDirectory/11048/).
[2020.11.20-16.58.43:933][  0]LogShaderCompilers: Cleaned the shader compiler working directory 'C:/Users/Kacey/AppData/Local/Temp/UnrealShaderWorkingDir/0C8B892A4B02AAC154E46A8A1C4B3B17/'.
[2020.11.20-16.58.43:934][  0]LogXGEController: Cleaning working directory: C:/Users/Kacey/AppData/Local/Temp/UnrealXGEWorkingDir/
[2020.11.20-16.58.43:934][  0]LogXGEController: Cannot use XGE Controller as Incredibuild is not installed on this machine.
[2020.11.20-16.58.43:934][  0]LogShaderCompilers: Cannot use XGE Shader Compiler as Incredibuild is not installed on this machine.
[2020.11.20-16.58.43:934][  0]LogShaderCompilers: Display: Using Local Shader Compiler.
[2020.11.20-16.58.44:787][  0]LogDerivedDataCache: Display: Max Cache Size: 512 MB
[2020.11.20-16.58.44:840][  0]LogDerivedDataCache: Loaded boot cache 0.05s 76MB C:/Users/Kacey/AppData/Local/UnrealEngine/4.25/DerivedDataCache/Boot.ddc.
[2020.11.20-16.58.44:841][  0]LogDerivedDataCache: Display: Loaded Boot cache: C:/Users/Kacey/AppData/Local/UnrealEngine/4.25/DerivedDataCache/Boot.ddc
[2020.11.20-16.58.44:841][  0]LogDerivedDataCache: FDerivedDataBackendGraph:  Pak pak cache file ../../../../JRDProject/Project_Implementation/LateNiteUnreal/DerivedDataCache/DDC.ddp not found, will not use a pak cache.
[2020.11.20-16.58.44:841][  0]LogDerivedDataCache: Unable to find inner node Pak for hierarchical cache Hierarchy.
[2020.11.20-16.58.44:841][  0]LogDerivedDataCache: FDerivedDataBackendGraph:  CompressedPak pak cache file ../../../../JRDProject/Project_Implementation/LateNiteUnreal/DerivedDataCache/Compressed.ddp not found, will not use a pak cache.
[2020.11.20-16.58.44:841][  0]LogDerivedDataCache: Unable to find inner node CompressedPak for hierarchical cache Hierarchy.
[2020.11.20-16.58.44:853][  0]LogDerivedDataCache: Display: Pak cache opened for reading ../../../Engine/DerivedDataCache/Compressed.ddp.
[2020.11.20-16.58.44:853][  0]LogDerivedDataCache: FDerivedDataBackendGraph:  EnterprisePak pak cache file ../../../Enterprise/DerivedDataCache/Compressed.ddp not found, will not use a pak cache.
[2020.11.20-16.58.44:853][  0]LogDerivedDataCache: Unable to find inner node EnterprisePak for hierarchical cache Hierarchy.
[2020.11.20-16.58.44:854][  0]LogDerivedDataCache: Using Local data cache path C:/Users/Kacey/AppData/Local/UnrealEngine/Common/DerivedDataCache: Writable
[2020.11.20-16.58.44:854][  0]LogDerivedDataCache: Shared data cache path not found in *engine.ini, will not use an Shared cache.
[2020.11.20-16.58.44:854][  0]LogDerivedDataCache: Unable to find inner node Shared for hierarchical cache Hierarchy.
[2020.11.20-16.58.44:911][  0]LogSlate: Using FreeType 2.10.0
[2020.11.20-16.58.44:912][  0]LogSlate: SlateFontServices - WITH_FREETYPE: 1, WITH_HARFBUZZ: 1
[2020.11.20-16.58.44:939][  0]LogAssetRegistry: FAssetRegistry took 0.0027 seconds to start up
[2020.11.20-16.58.45:195][  0]LogInit: Selected Device Profile: [Windows]
[2020.11.20-16.58.45:314][  0]LogMeshReduction: Using QuadricMeshReduction for automatic static mesh reduction
[2020.11.20-16.58.45:314][  0]LogMeshReduction: Using SimplygonMeshReduction for automatic skeletal mesh reduction
[2020.11.20-16.58.45:314][  0]LogMeshReduction: Using ProxyLODMeshReduction for automatic mesh merging
[2020.11.20-16.58.45:314][  0]LogMeshReduction: No distributed automatic mesh merging module available
[2020.11.20-16.58.45:314][  0]LogMeshMerging: No distributed automatic mesh merging module available
[2020.11.20-16.58.45:329][  0]LogNetVersion: LateNiteUnreal 1.0.0, NetCL: 13144385, EngineNetVer: 14, GameNetVer: 0 (Checksum: 3054977858)
[2020.11.20-16.58.45:808][  0]LogAISub: UAISubsystem::UAISubsystem AISubsystem (00000129F4E88380), frame # 0
[2020.11.20-16.58.45:808][  0]LogAISub: UAISubsystem::UAISubsystem AIPerceptionSystem (00000129F4DC4F40), frame # 0
[2020.11.20-16.58.45:810][  0]LogAISub: UAISubsystem::UAISubsystem EnvQueryManager (00000129F4E21E00), frame # 0
[2020.11.20-16.58.45:861][  0]LogPackageLocalizationCache: Processed 21 localized package path(s) for 1 prioritized culture(s) in 0.044745 seconds
[2020.11.20-16.58.45:866][  0]LogUObjectArray: 15917 objects as part of root set at end of initial load.
[2020.11.20-16.58.45:866][  0]LogUObjectAllocator: 3965568 out of 0 bytes used by permanent object pool.
[2020.11.20-16.58.45:866][  0]LogUObjectArray: CloseDisregardForGC: 0/0 objects in disregard for GC pool
[2020.11.20-16.58.46:187][  0]LogLinker: Warning: While loading '../../Plugins/Marketplace/RadarChart/Content/Materials/MI_RadarChartTranslucent.uasset' failed to load '/Game/Textures/Grids/T_ModernGrid_M': Can't find file.
[2020.11.20-16.58.46:187][  0]LogLinker: Warning: While loading '../../Plugins/Marketplace/RadarChart/Content/Materials/MI_RadarChartTranslucent.uasset' failed to load '/Game/Textures/Grids/T_ModernGrid_M': Can't find file.
[2020.11.20-16.58.46:187][  0]LogLinker: Warning: While loading '../../Plugins/Marketplace/RadarChart/Content/Materials/MI_RadarChartTranslucent.uasset' failed to load '/Game/Textures/Grids/T_ModernGrid_M': Can't find file.
[2020.11.20-16.58.46:188][  0]LogLinker: Warning: While loading '../../Plugins/Marketplace/RadarChart/Content/Materials/MI_RadarChartTranslucent.uasset' failed to load '/Game/Textures/Grids/T_ModernGrid_M': Can't find file.
[2020.11.20-16.58.46:188][  0]LogLinker: Warning: While loading '../../Plugins/Marketplace/RadarChart/Content/Materials/MI_RadarChartTranslucent.uasset' failed to load '/Game/Textures/Grids/T_ModernGrid_M': Can't find file.
[2020.11.20-16.58.46:188][  0]LoadErrors: Failed to load /Game/Textures/Grids/T_ModernGrid_M.T_ModernGrid_M Referenced by MI_RadarChartTranslucent
[2020.11.20-16.58.46:188][  0]LogLinker: Warning: While loading '../../Plugins/Marketplace/RadarChart/Content/Materials/MI_RadarChartTranslucent.uasset' failed to load '/Game/Textures/Grids/T_ModernGrid_M': Can't find file.
[2020.11.20-16.58.46:188][  0]LoadErrors: Failed to load /Game/Textures/Grids/T_ModernGrid_M.T_ModernGrid_M Referenced by MI_RadarChartTranslucent
[2020.11.20-16.58.46:201][  0]LogTcpMessaging: Initializing TcpMessaging bridge
[2020.11.20-16.58.46:206][  0]LogUdpMessaging: Initializing bridge on interface 0.0.0.0:0 to multicast group 230.0.0.1:6666.
[2020.11.20-16.58.46:254][  0]LogLinker: Warning: Failed to load '/Game/PuzzleBP/PuzzleOverview': Can't find file.
[2020.11.20-16.58.46:254][  0]LogLinker: Warning: Failed to load '/Game/PuzzleBP/PuzzleOverview': Can't find file.
[2020.11.20-16.58.46:254][  0]LogUObjectGlobals: Warning: Failed to find object 'Class /Game/PuzzleBP/PuzzleOverview.PuzzleOverview_C'
[2020.11.20-16.58.46:254][  0]LogLinker: Warning: Failed to load '/Game/PuzzleBP/Tutorial/Part2b-BlockBLueprintComponents': Can't find file.
[2020.11.20-16.58.46:255][  0]LogLinker: Warning: Failed to load '/Game/PuzzleBP/Tutorial/Part2b-BlockBLueprintComponents': Can't find file.
[2020.11.20-16.58.46:255][  0]LogUObjectGlobals: Warning: Failed to find object 'Class /Game/PuzzleBP/Tutorial/Part2b-BlockBLueprintComponents.Part2b-BlockBLueprintComponents_C'
[2020.11.20-16.58.46:255][  0]LogLinker: Warning: Failed to load '/Game/PuzzleBP/Tutorial/Part3-GridBlueprint': Can't find file.
[2020.11.20-16.58.46:255][  0]LogLinker: Warning: Failed to load '/Game/PuzzleBP/Tutorial/Part3-GridBlueprint': Can't find file.
[2020.11.20-16.58.46:255][  0]LogUObjectGlobals: Warning: Failed to find object 'Class /Game/PuzzleBP/Tutorial/Part3-GridBlueprint.Part3-GridBlueprint_C'
[2020.11.20-16.58.46:255][  0]LogLinker: Warning: Failed to load '/Game/PuzzleBP/Tutorial/Part4-GridBluepint2': Can't find file.
[2020.11.20-16.58.46:255][  0]LogLinker: Warning: Failed to load '/Game/PuzzleBP/Tutorial/Part4-GridBluepint2': Can't find file.
[2020.11.20-16.58.46:255][  0]LogUObjectGlobals: Warning: Failed to find object 'Class /Game/PuzzleBP/Tutorial/Part4-GridBluepint2.Part4-GridBluepint2_C'
[2020.11.20-16.58.46:255][  0]LogLinker: Warning: Failed to load '/Game/PuzzleBP/Tutorial/Part5-GameMode': Can't find file.
[2020.11.20-16.58.46:255][  0]LogLinker: Warning: Failed to load '/Game/PuzzleBP/Tutorial/Part5-GameMode': Can't find file.
[2020.11.20-16.58.46:255][  0]LogUObjectGlobals: Warning: Failed to find object 'Class /Game/PuzzleBP/Tutorial/Part5-GameMode.Part5-GameMode_C'
[2020.11.20-16.58.46:255][  0]LogLinker: Warning: Failed to load '/Game/PuzzleBP/Tutorial/Part6-Controller': Can't find file.
[2020.11.20-16.58.46:255][  0]LogLinker: Warning: Failed to load '/Game/PuzzleBP/Tutorial/Part6-Controller': Can't find file.
[2020.11.20-16.58.46:255][  0]LogUObjectGlobals: Warning: Failed to find object 'Class /Game/PuzzleBP/Tutorial/Part6-Controller.Part6-Controller_C'
[2020.11.20-16.58.46:256][  0]LogLinker: Warning: Failed to load '/Game/PuzzleBP/Tutorial/Part7-LevelBlueprint': Can't find file.
[2020.11.20-16.58.46:256][  0]LogLinker: Warning: Failed to load '/Game/PuzzleBP/Tutorial/Part7-LevelBlueprint': Can't find file.
[2020.11.20-16.58.46:256][  0]LogUObjectGlobals: Warning: Failed to find object 'Class /Game/PuzzleBP/Tutorial/Part7-LevelBlueprint.Part7-LevelBlueprint_C'
[2020.11.20-16.58.46:256][  0]LogLinker: Warning: Failed to load '/Game/PuzzleBP/Tutorial/Part8-EverythingElse': Can't find file.
[2020.11.20-16.58.46:256][  0]LogLinker: Warning: Failed to load '/Game/PuzzleBP/Tutorial/Part8-EverythingElse': Can't find file.
[2020.11.20-16.58.46:256][  0]LogUObjectGlobals: Warning: Failed to find object 'Class /Game/PuzzleBP/Tutorial/Part8-EverythingElse.Part8-EverythingElse_C'
[2020.11.20-16.58.46:286][  0]SourceControl: Source control is disabled
[2020.11.20-16.58.46:286][  0]SourceControl: Source control is disabled
[2020.11.20-16.58.46:289][  0]SourceControl: Source control is disabled
[2020.11.20-16.58.46:292][  0]SourceControl: Source control is disabled
[2020.11.20-16.58.46:300][  0]SourceControl: Source control is disabled
[2020.11.20-16.58.46:535][  0]LogAndroidPermission: UAndroidPermissionCallbackProxy::GetInstance
[2020.11.20-16.58.46:553][  0]LogAudioCaptureCore: Display: No Audio Capture implementations found. Audio input will be silent.
[2020.11.20-16.58.46:553][  0]LogAudioCaptureCore: Display: No Audio Capture implementations found. Audio input will be silent.
[2020.11.20-16.58.46:600][  0]LogOcInput: OculusInput pre-init called
[2020.11.20-16.58.46:610][  0]LogWindows: Failed to load 'OVRPlugin.dll' (GetLastError=126)
[2020.11.20-16.58.46:610][  0]LogWindows: File 'OVRPlugin.dll' does not exist
[2020.11.20-16.58.46:672][  0]LogEngine: Initializing Engine...
[2020.11.20-16.58.46:673][  0]LogHMD: Failed to initialize OpenVR with code 110
[2020.11.20-16.58.46:673][  0]LogMagicLeap: Warning: VR disabled because ZI is not enabled.  To enable, in the editor, Edit -> Project Settings -> Plugins -> Magic Leap Plugin -> Enable Zero Iteration
[2020.11.20-16.58.46:674][  0]LogStats: UGameplayTagsManager::InitializeManager -  0.000 s
[2020.11.20-16.58.46:796][  0]LogInit: Initializing FReadOnlyCVARCache
[2020.11.20-16.58.46:804][  0]LogAIModule: Creating AISystem for world Untitled
[2020.11.20-16.58.46:804][  0]LogAISub: UAISubsystem::UAISubsystem EnvQueryManager (00000129F772A600), frame # 0
[2020.11.20-16.58.46:804][  0]LogAISub: UAISubsystem::UAISubsystem AIPerceptionSystem (00000129F771BB00), frame # 0
[2020.11.20-16.58.46:888][  0]LogAudioMixer: Display: Audio Mixer Platform Settings:
[2020.11.20-16.58.46:888][  0]LogAudioMixer: Display: 	Sample Rate:						  48000
[2020.11.20-16.58.46:888][  0]LogAudioMixer: Display: 	Callback Buffer Frame Size Requested: 1024
[2020.11.20-16.58.46:888][  0]LogAudioMixer: Display: 	Callback Buffer Frame Size To Use:	  1024
[2020.11.20-16.58.46:888][  0]LogAudioMixer: Display: 	Number of buffers to queue:			  2
[2020.11.20-16.58.46:888][  0]LogAudioMixer: Display: 	Max Channels (voices):				  32
[2020.11.20-16.58.46:888][  0]LogAudioMixer: Display: 	Number of Async Source Workers:		  0
[2020.11.20-16.58.46:888][  0]LogAudio: Display: AudioDevice MaxSources: 32
[2020.11.20-16.58.46:888][  0]LogAudio: Display: Using built-in audio occlusion.
[2020.11.20-16.58.46:888][  0]LogAudioMixer: Display: Initializing audio mixer.
[2020.11.20-16.58.46:922][  0]LogAudioMixer: Display: 0: FrontLeft
[2020.11.20-16.58.46:922][  0]LogAudioMixer: Display: 1: FrontRight
[2020.11.20-16.58.47:049][  0]LogAudioMixer: Display: Using Audio Device Speakers / Headphones (Realtek Audio)
[2020.11.20-16.58.47:056][  0]LogAudioMixer: Display: Initializing Sound Submixes...
[2020.11.20-16.58.47:058][  0]LogAudioMixer: Display: Creating Master Submix 'MasterSubmixDefault'
[2020.11.20-16.58.47:058][  0]LogAudioMixer: Display: Creating Master Submix 'MasterReverbSubmixDefault'
[2020.11.20-16.58.47:059][  0]LogAudioMixer: Display: Creating Master Submix 'MasterEQSubmixDefault'
[2020.11.20-16.58.47:060][  0]LogInit: FAudioDevice initialized.
[2020.11.20-16.58.47:060][  0]LogNetVersion: Set ProjectVersion to 1.0.0.0. Version Checksum will be recalculated on next use.
[2020.11.20-16.58.47:247][  0]LogDerivedDataCache: Saved boot cache 0.19s 76MB C:/Users/Kacey/AppData/Local/UnrealEngine/4.25/DerivedDataCache/Boot.ddc.
[2020.11.20-16.58.47:252][  0]LogInit: Texture streaming: Enabled
[2020.11.20-16.58.47:268][  0]LogEngineSessionManager: EngineSessionManager initialized
[2020.11.20-16.58.47:269][  0]LogEngineSessionManager: EngineSessionManager sent abnormal shutdown report. Type=Crashed, SessionId={AEECBEA6-4E25-F428-D859-9BBC7612ADC9}
[2020.11.20-16.58.47:269][  0]LogEditorSessionSummary: Verbose: Initializing EditorSessionSummaryWriter for editor session tracking
[2020.11.20-16.58.47:271][  0]LogEditorSessionSummary: EditorSessionSummaryWriter initialized
[2020.11.20-16.58.47:331][  0]LogInit: Transaction tracking system initialized
[2020.11.20-16.58.47:351][  0]BlueprintLog: New page: Editor Load
[2020.11.20-16.58.47:414][  0]LocalizationService: Localization service is disabled
[2020.11.20-16.58.47:568][  0]LogCook: Display: Max memory allowance for cook 16384mb min free memory 0mb
[2020.11.20-16.58.47:568][  0]LogCook: Display: Mobile HDR setting 1
[2020.11.20-16.58.47:925][  0]SourceControl: Source control is disabled
[2020.11.20-16.58.47:925][  0]LogUnrealEdMisc: Loading editor; pre map load, took 6.385
[2020.11.20-16.58.47:925][  0]Cmd: MAP LOAD FILE="../../../Engine/Content/Maps/Templates/Template_Default.umap" TEMPLATE=1 SHOWPROGRESS=1 FEATURELEVEL=3
[2020.11.20-16.58.47:925][  0]LightingResults: New page: Lighting Build
[2020.11.20-16.58.47:926][  0]LogWorld: UWorld::CleanupWorld for Untitled, bSessionEnded=true, bCleanupResources=true
[2020.11.20-16.58.47:926][  0]LogSlate: InvalidateAllWidgets triggered.  All widgets were invalidated
[2020.11.20-16.58.47:926][  0]MapCheck: New page: Map Check
[2020.11.20-16.58.47:926][  0]LightingResults: New page: Lighting Build
[2020.11.20-16.58.47:940][  0]LogAISub: UAISubsystem::~UAISubsystem EnvQueryManager (00000129F772A600), frame # 0
[2020.11.20-16.58.47:940][  0]LogAISub: UAISubsystem::~UAISubsystem AIPerceptionSystem (00000129F771BB00), frame # 0
[2020.11.20-16.58.47:941][  0]LogUObjectHash: Compacting FUObjectHashTables data took   0.78ms
[2020.11.20-16.58.48:010][  0]LogAIModule: Creating AISystem for world Untitled_1
[2020.11.20-16.58.48:010][  0]LogAISub: UAISubsystem::UAISubsystem EnvQueryManager (00000129E8BDBE00), frame # 0
[2020.11.20-16.58.48:010][  0]LogAISub: UAISubsystem::UAISubsystem AIPerceptionSystem (00000129E8DA5A80), frame # 0
[2020.11.20-16.58.48:013][  0]LogEditorServer: Finished looking for orphan Actors (0.000 secs)
[2020.11.20-16.58.48:027][  0]LogUObjectHash: Compacting FUObjectHashTables data took   0.86ms
[2020.11.20-16.58.48:028][  0]Cmd: MAP CHECKDEP NOCLEARLOG
[2020.11.20-16.58.48:028][  0]MapCheck: Map check complete: 0 Error(s), 0 Warning(s), took 0.106ms to complete.
[2020.11.20-16.58.48:028][  0]LogFileHelpers: Loading map 'Template_Default' took 0.103
[2020.11.20-16.58.48:030][  0]LogUnrealEdMisc: Total Editor Startup Time, took 6.489
[2020.11.20-16.58.48:162][  0]LogSlate: Updating window title bar state: overlay mode, drag disabled, window buttons hidden, title bar hidden
[2020.11.20-16.58.48:169][  0]LogSlate: Updating window title bar state: overlay mode, drag disabled, window buttons hidden, title bar hidden
[2020.11.20-16.58.48:176][  0]LogSlate: Updating window title bar state: overlay mode, drag disabled, window buttons hidden, title bar hidden
[2020.11.20-16.58.48:184][  0]LogSlate: Updating window title bar state: overlay mode, drag disabled, window buttons hidden, title bar hidden
[2020.11.20-16.58.48:190][  0]LogCollectionManager: Loaded 0 collections in 0.000802 seconds
[2020.11.20-16.58.48:203][  0]LogFileCache: Scanning file cache for directory 'D:/JRDProject/Project_Implementation/LateNiteUnreal/Saved/Collections/' took 0.00s
[2020.11.20-16.58.48:203][  0]LogFileCache: Scanning file cache for directory 'D:/JRDProject/Project_Implementation/LateNiteUnreal/Content/Developers/Kacey/Collections/' took 0.00s
[2020.11.20-16.58.48:203][  0]LogFileCache: Scanning file cache for directory 'D:/JRDProject/Project_Implementation/LateNiteUnreal/Content/Collections/' took 0.00s
[2020.11.20-16.58.48:203][  0]LogContentBrowser: Native class hierarchy populated in 0.0100 seconds. Added 3441 classes and 831 folders.
[2020.11.20-16.58.48:207][  0]LogContentBrowser: Native class hierarchy updated for 'WidgetCarousel' in 0.0005 seconds. Added 0 classes and 0 folders.
[2020.11.20-16.58.48:257][  0]LogContentBrowser: Native class hierarchy updated for 'AddContentDialog' in 0.0004 seconds. Added 0 classes and 0 folders.
[2020.11.20-16.58.48:258][  0]LogContentBrowser: Native class hierarchy updated for 'SceneOutliner' in 0.0003 seconds. Added 2 classes and 0 folders.
[2020.11.20-16.58.48:304][  0]LogSlate: Took 0.000204 seconds to synchronously load lazily loaded font '../../../Engine/Content/Slate/Fonts/Roboto-Regular.ttf' (155K)
[2020.11.20-16.58.48:305][  0]LogSlate: Took 0.000108 seconds to synchronously load lazily loaded font '../../../Engine/Content/Slate/Fonts/Roboto-Bold.ttf' (160K)
[2020.11.20-16.58.48:310][  0]LogSlate: Took 0.000103 seconds to synchronously load lazily loaded font '../../../Engine/Content/Editor/Slate/Fonts/FontAwesome.ttf' (139K)
[2020.11.20-16.58.48:387][  0]LogRenderer: Reallocating scene render targets to support 1164x600 Format 10 NumSamples 1 (Frame:1).
[2020.11.20-16.58.48:491][  0]LogContentBrowser: Native class hierarchy updated for 'HierarchicalLODOutliner' in 0.0003 seconds. Added 0 classes and 0 folders.
[2020.11.20-16.58.48:491][  0]LogLoad: (Engine Initialization) Total time: 6.95 seconds
[2020.11.20-16.58.48:491][  0]LogLoad: (Engine Initialization) Total Blueprint compile time: 0.00 seconds
[2020.11.20-16.58.48:552][  0]LogAssetRegistry: Asset discovery search completed in 3.6134 seconds
[2020.11.20-16.58.48:556][  0]LogCollectionManager: Fixed up redirectors for 0 collections in 0.000003 seconds (updated 0 objects)
[2020.11.20-16.58.48:558][  0]LogContentStreaming: Texture pool size now 1000 MB
[2020.11.20-16.58.48:633][  0]LogSlate: Took 0.000105 seconds to synchronously load lazily loaded font '../../../Engine/Content/Slate/Fonts/Roboto-Light.ttf' (167K)
[2020.11.20-16.58.48:644][  0]LogSlate: Took 0.000097 seconds to synchronously load lazily loaded font '../../../Engine/Content/Slate/Fonts/DroidSansMono.ttf' (77K)
[2020.11.20-16.58.49:849][  4]LogSlate: Took 0.000211 seconds to synchronously load lazily loaded font '../../../Engine/Content/Slate/Fonts/Roboto-Light.ttf' (167K)
[2020.11.20-16.58.51:176][  8]LogSlate: Window 'Message Log' being destroyed
[2020.11.20-16.58.51:181][  8]LogSlate: Window 'Message Log' being destroyed
[2020.11.20-16.59.12:448][532]LogAssetEditorSubsystem: Opening Asset editor for WidgetBlueprint /Game/LateNite/UserInterface/Player_Budget.Player_Budget
[2020.11.20-16.59.13:134][532]LogContentBrowser: Native class hierarchy updated for 'BlueprintGraph' in 0.0006 seconds. Added 125 classes and 0 folders.
[2020.11.20-16.59.14:514][532]LogSlate: Took 0.000140 seconds to synchronously load lazily loaded font '../../../Engine/Content/Slate/Fonts/Roboto-BoldCondensed.ttf' (158K)
[2020.11.20-16.59.26:720][183]LogFactory: FactoryCreateFile: Texture with ReimportTextureFactory (0 0 C:/Users/Kacey/Documents/BudgetUI.png)
[2020.11.20-16.59.26:753][183]LogTexture: Display: Building textures: BudgetUI (AutoDXT, 1920X1080)
[2020.11.20-16.59.34:286][921]LogSlate: Window 'Failed Renames' being destroyed
[2020.11.20-16.59.36:674][138]LogUObjectHash: Compacting FUObjectHashTables data took   4.34ms
[2020.11.20-16.59.38:381][138]LogSlate: Window 'Delete Assets' being destroyed
[2020.11.20-16.59.38:502][138]LogUObjectHash: Compacting FUObjectHashTables data took   2.46ms
[2020.11.20-16.59.58:899][220]LogSlate: Window 'Message' being destroyed
[2020.11.20-16.59.58:903][220]Message dialog closed, result: Yes, title: Message, text: Do you want to overwrite the existing asset?

An asset already exists at the import location: /Game/LateNite/CharacterAssets/BudgetUI
[2020.11.20-16.59.58:904][220]LogFactory: FactoryCreateFile: Texture with ReimportTextureFactory (0 0 C:/Users/Kacey/Documents/BudgetUI.png)
[2020.11.20-17.00.06:744][220]LogSlate: Window 'Message' being destroyed
[2020.11.20-17.00.06:749][220]Message dialog closed, result: Yes, title: Message, text: You are about to import 'BudgetUI' over an existing texture. Would you like to overwrite the existing settings?

Yes or Yes to All: Overwrite the existing settings.
No or No to All: Preserve the existing settings.
Cancel: Abort the operation.
[2020.11.20-17.00.06:781][220]LogTexture: Display: Building textures: BudgetUI (AutoDXT, 1920X1080)
[2020.11.20-17.00.06:890][221]LogWindows: Windows GetLastError: The operation completed successfully. (0)
[2020.11.20-17.00.09:629][222]LogOutputDevice: Warning: 

Script Stack (0 frames):

[2020.11.20-17.00.09:629][222]LogWindows: Windows GetLastError: The operation completed successfully. (0)
[2020.11.20-17.00.09:635][222]LogWindows: Error: === Critical error: ===
[2020.11.20-17.00.09:635][222]LogWindows: Error: 
[2020.11.20-17.00.09:635][222]LogWindows: Error: Fatal error: [File:D:/Build/++UE4+Licensee/Sync/Engine/Source/Runtime/RenderCore/Private/RenderingThread.cpp] [Line: 855] 
[2020.11.20-17.00.09:635][222]LogWindows: Error: Rendering thread exception:
[2020.11.20-17.00.09:635][222]LogWindows: Error: Assertion failed: ObjectWeakPtr.IsValid(bEvenIfPendingKill, bThreadSafe) [File:D:/Build/++UE4+Licensee/Sync/Engine/Source/Runtime/SlateRHIRenderer/Private/SlateUTextureResource.cpp] [Line: 54] 
[2020.11.20-17.00.09:635][222]LogWindows: Error: Texture BudgetUI has become invalid.  This means the resource was garbage collected while slate was using it
[2020.11.20-17.00.09:635][222]LogWindows: Error: 
[2020.11.20-17.00.09:635][222]LogWindows: Error: 
[2020.11.20-17.00.09:635][222]LogWindows: Error: [Callstack] 0x00007ffadeb53b29 KERNELBASE.dll!UnknownFunction []
[2020.11.20-17.00.09:635][222]LogWindows: Error: [Callstack] 0x00007ffa7fbae9e6 UE4Editor-Core.dll!UnknownFunction []
[2020.11.20-17.00.09:636][222]LogWindows: Error: [Callstack] 0x00007ffa7fbb1dc8 UE4Editor-Core.dll!UnknownFunction []
[2020.11.20-17.00.09:636][222]LogWindows: Error: [Callstack] 0x00007ffa7f93e53d UE4Editor-Core.dll!UnknownFunction []
[2020.11.20-17.00.09:636][222]LogWindows: Error: [Callstack] 0x00007ffa7f8c97b5 UE4Editor-Core.dll!UnknownFunction []
[2020.11.20-17.00.09:636][222]LogWindows: Error: [Callstack] 0x00007ffa7f8cbaf0 UE4Editor-Core.dll!UnknownFunction []
[2020.11.20-17.00.09:636][222]LogWindows: Error: [Callstack] 0x00007ffa59cc92ae UE4Editor-SlateRHIRenderer.dll!UnknownFunction []
[2020.11.20-17.00.09:636][222]LogWindows: Error: [Callstack] 0x00007ffa59c74168 UE4Editor-SlateRHIRenderer.dll!UnknownFunction []
[2020.11.20-17.00.09:636][222]LogWindows: Error: [Callstack] 0x00007ffa59c83e39 UE4Editor-SlateRHIRenderer.dll!UnknownFunction []
[2020.11.20-17.00.09:636][222]LogWindows: Error: [Callstack] 0x00007ffa59c8a0dc UE4Editor-SlateRHIRenderer.dll!UnknownFunction []
[2020.11.20-17.00.09:636][222]LogWindows: Error: [Callstack] 0x00007ffa59c811f5 UE4Editor-SlateRHIRenderer.dll!UnknownFunction []
[2020.11.20-17.00.09:636][222]LogWindows: Error: [Callstack] 0x00007ffa59c93c0e UE4Editor-SlateRHIRenderer.dll!UnknownFunction []
[2020.11.20-17.00.09:636][222]LogWindows: Error: [Callstack] 0x00007ffa7f6e87d8 UE4Editor-Core.dll!UnknownFunction []
[2020.11.20-17.00.09:636][222]LogWindows: Error: [Callstack] 0x00007ffa7f6e8aa3 UE4Editor-Core.dll!UnknownFunction []
[2020.11.20-17.00.09:636][222]LogWindows: Error: [Callstack] 0x00007ffa881ef892 UE4Editor-RenderCore.dll!UnknownFunction []
[2020.11.20-17.00.09:636][222]LogWindows: Error: [Callstack] 0x00007ffa881f53d4 UE4Editor-RenderCore.dll!UnknownFunction []
[2020.11.20-17.00.09:636][222]LogWindows: Error: [Callstack] 0x00007ffa7fbd025b UE4Editor-Core.dll!UnknownFunction []
[2020.11.20-17.00.09:636][222]LogWindows: Error: [Callstack] 0x00007ffa7fbc7c30 UE4Editor-Core.dll!UnknownFunction []
[2020.11.20-17.00.09:636][222]LogWindows: Error: [Callstack] 0x00007ffae0d17c24 KERNEL32.DLL!UnknownFunction []
[2020.11.20-17.00.09:636][222]LogWindows: Error: [Callstack] 0x00007ffae0e6d4d1 ntdll.dll!UnknownFunction []
[2020.11.20-17.00.09:636][222]LogWindows: Error: 
[2020.11.20-17.00.09:636][222]LogWindows: Error: 
[2020.11.20-17.00.09:636][222]LogWindows: Error: 
[2020.11.20-17.00.09:636][222]LogWindows: Error: 
[2020.11.20-17.00.09:679][222]LogExit: Executing StaticShutdownAfterError
[2020.11.20-17.00.09:682][222]LogWindows: FPlatformMisc::RequestExit(1)
[2020.11.20-17.00.09:682][222]LogCore: Engine exit requested (reason: Win RequestExit)
[2020.11.20-17.00.09:729][222]Log file closed, 11/20/20 12:00:09
